Using pre-set license
Built from '2020.3/staging' branch; Version is '2020.3.9f1 (108be757e447) revision 1084391'; Using compiler version '192528614'; Build Type 'Release'
OS: 'Windows 10 Home Single Language; OS build 18363.1556; Version 1909; 64bit' Language: 'es' Physical Memory: 11213 MB
BatchMode: 1, IsHumanControllingUs: 0, StartBugReporterOnCrash: 0, Is64bit: 1, IsPro: 0

 COMMAND LINE ARGUMENTS:
C:\Program Files\Unity\Hub\Editor\2020.3.9f1\Editor\Unity.exe
-adb2
-batchMode
-noUpm
-name
AssetImportWorker6
-projectPath
C:/Users/Cristian Benavides/Documents/PROYECTOS UNITY/GameCasual2
-logFile
Logs/AssetImportWorker6.log
-srvPort
59972
Successfully changed project path to: C:/Users/Cristian Benavides/Documents/PROYECTOS UNITY/GameCasual2
C:/Users/Cristian Benavides/Documents/PROYECTOS UNITY/GameCasual2
Using Asset Import Pipeline V2.
Refreshing native plugins compatible for Editor in 126.39 ms, found 1 plugins.
Preloading 0 native plugins for Editor in 0.00 ms.
Initialize engine version: 2020.3.9f1 (108be757e447)
[Subsystems] Discovering subsystems at path C:/Program Files/Unity/Hub/Editor/2020.3.9f1/Editor/Data/Resources/UnitySubsystems
[Subsystems] Discovering subsystems at path C:/Users/Cristian Benavides/Documents/PROYECTOS UNITY/GameCasual2/Assets
GfxDevice: creating device client; threaded=0
Direct3D:
    Version:  Direct3D 11.0 [level 11.1]
    Renderer: AMD Radeon R7 Graphics (ID=0x9874)
    Vendor:   
    VRAM:     5606 MB
    Driver:   27.20.14501.28009
Initialize mono
Mono path[0] = 'C:/Program Files/Unity/Hub/Editor/2020.3.9f1/Editor/Data/Managed'
Mono path[1] = 'C:/Program Files/Unity/Hub/Editor/2020.3.9f1/Editor/Data/MonoBleedingEdge/lib/mono/unityjit'
Mono config path = 'C:/Program Files/Unity/Hub/Editor/2020.3.9f1/Editor/Data/MonoBleedingEdge/etc'
Using monoOptions --debugger-agent=transport=dt_socket,embedding=1,server=y,suspend=n,address=127.0.0.1:56216
Begin MonoManager ReloadAssembly
Registering precompiled unity dll's ...
Register platform support module: C:/Program Files/Unity/Hub/Editor/2020.3.9f1/Editor/Data/PlaybackEngines/WindowsStandaloneSupport/UnityEditor.WindowsStandalone.Extensions.dll
Registered in 0.006521 seconds.
Native extension for WindowsStandalone target not found
Refreshing native plugins compatible for Editor in 142.42 ms, found 1 plugins.
Preloading 0 native plugins for Editor in 0.00 ms.
Mono: successfully reloaded assembly
- Completed reload, in 11.426 seconds
Platform modules already initialized, skipping
Registering precompiled user dll's ...
Registered in 0.008346 seconds.
Begin MonoManager ReloadAssembly
Native extension for WindowsStandalone target not found
Refreshing native plugins compatible for Editor in 112.23 ms, found 1 plugins.
Preloading 0 native plugins for Editor in 0.00 ms.
Mono: successfully reloaded assembly
- Completed reload, in  3.724 seconds
Platform modules already initialized, skipping
========================================================================
Worker process is ready to serve import requests
Launched and connected shader compiler UnityShaderCompiler.exe after 0.60 seconds
Refreshing native plugins compatible for Editor in 0.97 ms, found 1 plugins.
Preloading 0 native plugins for Editor in 0.00 ms.
Unloading 1884 Unused Serialized files (Serialized files now loaded: 0)
System memory in use before: 159.6 MB.
System memory in use after: 159.5 MB.

Unloading 26 unused Assets to reduce memory usage. Loaded Objects now: 2333.
Total: 4.947000 ms (FindLiveObjects: 0.486600 ms CreateObjectMapping: 0.127100 ms MarkObjects: 3.939700 ms  DeleteObjects: 0.390500 ms)

========================================================================
Received Import Request.
  path: Assets/Scenes/Level 7.unity
  artifactKey: Guid(34d075d553a6bbf459696a69f06eed65) Importer(815301076,1909f56bfc062723c751e8b465ee728b)
Start importing Assets/Scenes/Level 7.unity using Guid(34d075d553a6bbf459696a69f06eed65) Importer(815301076,1909f56bfc062723c751e8b465ee728b)  -> (artifact id: '33a2fde905a02d2ae01eb67052134eed') in 0.080013 seconds
  Import took 0.093117 seconds .

========================================================================
Received Import Request.
  Time since last request: 6.199067 seconds.
  path: Assets/Scenes/Level 8.unity
  artifactKey: Guid(cde9a228683b8e4478995d16e21c7d2b) Importer(815301076,1909f56bfc062723c751e8b465ee728b)
Start importing Assets/Scenes/Level 8.unity using Guid(cde9a228683b8e4478995d16e21c7d2b) Importer(815301076,1909f56bfc062723c751e8b465ee728b)  -> (artifact id: '1a2363644da0e3074b82e03417a12e0f') in 0.029200 seconds
  Import took 0.045092 seconds .

========================================================================
Received Import Request.
  Time since last request: 7.320536 seconds.
  path: Assets/Scenes/MainMenu.unity
  artifactKey: Guid(a2dc1a4fb8abf2144a77d6f5a1c05305) Importer(815301076,1909f56bfc062723c751e8b465ee728b)
Start importing Assets/Scenes/MainMenu.unity using Guid(a2dc1a4fb8abf2144a77d6f5a1c05305) Importer(815301076,1909f56bfc062723c751e8b465ee728b)  -> (artifact id: 'b18c67c9989f41fa7c7747251f659527') in 0.193607 seconds
  Import took 0.330467 seconds .

========================================================================
Received Prepare
Refreshing native plugins compatible for Editor in 9.25 ms, found 1 plugins.
Preloading 0 native plugins for Editor in 0.00 ms.
Unloading 12 Unused Serialized files (Serialized files now loaded: 0)
System memory in use before: 122.4 MB.
System memory in use after: 122.4 MB.

Unloading 12 unused Assets to reduce memory usage. Loaded Objects now: 2333.
Total: 8.320800 ms (FindLiveObjects: 0.489400 ms CreateObjectMapping: 0.137900 ms MarkObjects: 7.357400 ms  DeleteObjects: 0.331900 ms)

========================================================================
Received Prepare
Registering precompiled user dll's ...
Registered in 0.023454 seconds.
Begin MonoManager ReloadAssembly
Native extension for WindowsStandalone target not found
Refreshing native plugins compatible for Editor in 2.32 ms, found 1 plugins.
Preloading 0 native plugins for Editor in 0.00 ms.
Mono: successfully reloaded assembly
- Completed reload, in  2.922 seconds
Platform modules already initialized, skipping
Switching build target platform(19) subTarget(0) extendedPlatform(0) -> platform(13) subTarget(537395200) extendedPlatform(0)
Refreshing native plugins compatible for Editor in 1.11 ms, found 1 plugins.
Preloading 0 native plugins for Editor in 0.00 ms.
Unloading 1882 Unused Serialized files (Serialized files now loaded: 0)
System memory in use before: 159.5 MB.
System memory in use after: 159.5 MB.

Unloading 14 unused Assets to reduce memory usage. Loaded Objects now: 2337.
Total: 7.365500 ms (FindLiveObjects: 0.833700 ms CreateObjectMapping: 0.323100 ms MarkObjects: 5.937300 ms  DeleteObjects: 0.268200 ms)

AssetImportParameters requested are different than current active one (requested -> active):
  custom:graphics/normal-map-encoding: 01000000000000000000000000000000 -> 02000000000000000000000000000000
AssetImportWorkerClient::OnTransportError - code=2 error=End of file
